[0.000000] (-) TimerEvent: {}
[0.000976] (-) JobUnselected: {'identifier': 'control_pkg'}
[0.001332] (-) JobUnselected: {'identifier': 'hardware_interface_pkg'}
[0.001454] (vision_pkg) JobQueued: {'identifier': 'vision_pkg', 'dependencies': OrderedDict()}
[0.001634] (vision_pkg) JobStarted: {'identifier': 'vision_pkg'}
[0.099156] (-) TimerEvent: {}
[0.202160] (-) TimerEvent: {}
[0.307369] (-) TimerEvent: {}
[0.407868] (-) TimerEvent: {}
[0.508293] (-) TimerEvent: {}
[0.608641] (-) TimerEvent: {}
[0.711169] (-) TimerEvent: {}
[0.811876] (-) TimerEvent: {}
[0.912305] (-) TimerEvent: {}
[1.013216] (-) TimerEvent: {}
[1.114346] (-) TimerEvent: {}
[1.215852] (-) TimerEvent: {}
[1.316957] (-) TimerEvent: {}
[1.421157] (-) TimerEvent: {}
[1.521743] (-) TimerEvent: {}
[1.624177] (-) TimerEvent: {}
[1.724844] (-) TimerEvent: {}
[1.827160] (-) TimerEvent: {}
[1.927546] (-) TimerEvent: {}
[2.028435] (-) TimerEvent: {}
[2.131302] (-) TimerEvent: {}
[2.232324] (-) TimerEvent: {}
[2.335194] (-) TimerEvent: {}
[2.436689] (-) TimerEvent: {}
[2.537352] (-) TimerEvent: {}
[2.638042] (-) TimerEvent: {}
[2.738335] (-) TimerEvent: {}
[2.838676] (-) TimerEvent: {}
[2.941888] (-) TimerEvent: {}
[3.043187] (-) TimerEvent: {}
[3.143769] (-) TimerEvent: {}
[3.244173] (-) TimerEvent: {}
[3.344596] (-) TimerEvent: {}
[3.445578] (-) TimerEvent: {}
[3.547160] (-) TimerEvent: {}
[3.651156] (-) TimerEvent: {}
[3.751590] (-) TimerEvent: {}
[3.852002] (-) TimerEvent: {}
[3.952443] (-) TimerEvent: {}
[4.052819] (-) TimerEvent: {}
[4.154356] (-) TimerEvent: {}
[4.254736] (-) TimerEvent: {}
[4.355123] (-) TimerEvent: {}
[4.434811] (vision_pkg) StderrLine: {'line': b'Traceback (most recent call last):\n  File "/usr/lib/python3/dist-packages/colcon_core/executor/__init__.py", line 91, in __call__\n    rc = await self.task(*args, **kwargs)\n  File "/usr/lib/python3/dist-packages/colcon_core/task/__init__.py", line 93, in __call__\n    return await task_method(*args, **kwargs)\n  File "/usr/lib/python3/dist-packages/colcon_ros/task/ament_python/build.py", line 102, in build\n    return await extension.build(additional_hooks=additional_hooks)\n  File "/usr/lib/python3/dist-packages/colcon_core/task/python/build.py", line 96, in build\n    available_commands = await self._get_available_commands(\n  File "/usr/lib/python3/dist-packages/colcon_core/task/python/build.py", line 194, in _get_available_commands\n    output = await check_output(\n  File "/usr/lib/python3/dist-packages/colcon_core/subprocess.py", line 129, in check_output\n    assert not rc, f\'Expected {args} to pass: {stderr_data}\'\nAssertionError: Expected [\'/usr/bin/python3\', \'-W\', \'ignore:setup.py install is deprecated\', \'-W\', \'ignore:easy_install command is deprecated\', \'setup.py\', \'--help-commands\'] to pass: Traceback (most recent call last):\n  File "/home/shouptick/Documents/4dof_manipulator_vision/src/vision_pkg/setup.py", line 5, in <module>\n    setup(\n  File "/home/shouptick/.local/lib/python3.10/site-packages/setuptools/__init__.py", line 117, in setup\n    return distutils.core.setup(**attrs)\n  File "/home/shouptick/.local/lib/python3.10/site-packages/setuptools/_distutils/core.py", line 170, in setup\n    ok = dist.parse_command_line()\n  File "/home/shouptick/.local/lib/python3.10/site-packages/setuptools/_distutils/dist.py", line 469, in parse_command_line\n    if self.handle_display_options(option_order):\n  File "/home/shouptick/.local/lib/python3.10/site-packages/setuptools/dist.py", line 926, in handle_display_options\n    return _Distribution.handle_display_options(self, option_order)\n  File "/home/shouptick/.local/lib/python3.10/site-packages/setuptools/_distutils/dist.py", line 683, in handle_display_options\n    self.print_commands()\n  File "/home/shouptick/.local/lib/python3.10/site-packages/setuptools/dist.py", line 705, in print_commands\n    cmdclass = ep.load()\n  File "/usr/lib/python3.10/importlib/metadata/__init__.py", line 171, in load\n    module = import_module(match.group(\'module\'))\n  File "/usr/lib/python3.10/importlib/__init__.py", line 126, in import_module\n    return _bootstrap._gcd_import(name[level:], package, level)\n  File "<frozen importlib._bootstrap>", line 1050, in _gcd_import\n  File "<frozen importlib._bootstrap>", line 1027, in _find_and_load\n  File "<frozen importlib._bootstrap>", line 1004, in _find_and_load_unlocked\nModuleNotFoundError: No module named \'setuptools.command.upload_docs\'\n\n'}
[4.435744] (vision_pkg) JobEnded: {'identifier': 'vision_pkg', 'rc': 1}
[4.446716] (-) EventReactorShutdown: {}
